<?xml version="1.0" encoding="UTF-8"?>
<testsuite xmlns:xsi="http://www.w3.org/2001/XMLSchema-instance" xsi:noNamespaceSchemaLocation="https://maven.apache.org/surefire/maven-surefire-plugin/xsd/surefire-test-report-3.0.xsd" version="3.0" name="com.redhat.training.operation.MultiplyTest" time="2.497" tests="2" errors="0" skipped="0" failures="0">
  <properties>
[...]
</properties>
  <testcase name="simple_addition" classname="com.redhat.training.operation.MultiplyTest" time="0.419">
    <system-out><![CDATA[2021-02-25 11:42:59,219 INFO  [io.quarkus] (main) Quarkus 1.7.6.Final-redhat-00014 on JVM started in 1.731s. Listening on: http://0.0.0.0:8081
2021-02-25 11:42:59,234 INFO  [io.quarkus] (main) Profile test activated. 
2021-02-25 11:42:59,234 INFO  [io.quarkus] (main) Installed features: [cdi, resteasy]
2021-02-25 11:42:59,639 INFO  [com.red.tra.SolverResource] (main) Solving '4'
2021-02-25 11:42:59,640 INFO  [com.red.tra.SolverResource] (main) Solved '4 = 4.0'
2021-02-25 11:42:59,640 INFO  [com.red.tra.SolverResource] (main) Solving '5'
2021-02-25 11:42:59,641 INFO  [com.red.tra.SolverResource] (main) Solved '5 = 5.0'
]]></system-out>
  </testcase>
  <testcase name="unparseable_operation" classname="com.redhat.training.operation.MultiplyTest" time="0.001"/>
</testsuite>